# JRE version: Java(TM) SE Runtime Environment (17.0.18+8) (build 17.0.18+8-LTS-264)
# Java VM: Java HotSpot(TM) 64-Bit Server VM (17.0.18+8-LTS-264, mixed mode, emulated-client, sharing, tiered, compressed oops, compressed class ptrs, g1 gc, windows-amd64)
GC Precious Log:
 CPUs: 4 total, 4 available
 Memory: 3962M
 Large Page Support: Disabled
 NUMA Support: Disabled
 Compressed Oops: Enabled (32-bit)
 Heap Region Size: 1M
 Heap Min Capacity: 8M
 Heap Initial Capacity: 62M
 Heap Max Capacity: 992M
 Pre-touch: Disabled
 Parallel Workers: 4
 Concurrent Workers: 1
 Concurrent Refinement Workers: 4
 Periodic GC: Disabled
Heap:
 garbage-first heap   total 301056K, used 148921K [0x00000000c2000000, 0x0000000100000000)
  region size 1024K, 5 young (5120K), 5 survivors (5120K)
 Metaspace       used 69106K, committed 69696K, reserved 1114112K
  class space    used 10297K, committed 10624K, reserved 1048576K
GC Heap History (20 events):
Event: 36.067 GC heap after
{Heap after GC invocations=18 (full 0):
 garbage-first heap   total 89088K, used 32758K [0x00000000c2000000, 0x0000000100000000)
  region size 1024K, 5 young (5120K), 5 survivors (5120K)
 Metaspace       used 65178K, committed 65728K, reserved 1114112K
  class space    used 9442K, committed 9664K, reserved 1048576K
}
Event: 37.283 GC heap before
{Heap before GC invocations=18 (full 0):
 garbage-first heap   total 89088K, used 70646K [0x00000000c2000000, 0x0000000100000000)
  region size 1024K, 42 young (43008K), 5 survivors (5120K)
 Metaspace       used 67452K, committed 68032K, reserved 1114112K
  class space    used 9921K, committed 10240K, reserved 1048576K
}
Event: 37.298 GC heap after
{Heap after GC invocations=19 (full 0):
 garbage-first heap   total 89088K, used 37586K [0x00000000c2000000, 0x0000000100000000)
  region size 1024K, 6 young (6144K), 6 survivors (6144K)
 Metaspace       used 67452K, committed 68032K, reserved 1114112K
  class space    used 9921K, committed 10240K, reserved 1048576K
}
Event: 37.448 GC heap before
{Heap before GC invocations=19 (full 0):
 garbage-first heap   total 89088K, used 70354K [0x00000000c2000000, 0x0000000100000000)
  region size 1024K, 38 young (38912K), 6 survivors (6144K)
 Metaspace       used 67452K, committed 68032K, reserved 1114112K
  class space    used 9921K, committed 10240K, reserved 1048576K
}
Event: 37.475 GC heap after
{Heap after GC invocations=20 (full 0):
 garbage-first heap   total 89088K, used 49465K [0x00000000c2000000, 0x0000000100000000)
  region size 1024K, 5 young (5120K), 5 survivors (5120K)
 Metaspace       used 67452K, committed 68032K, reserved 1114112K
  class space    used 9921K, committed 10240K, reserved 1048576K
}
Event: 37.538 GC heap before
{Heap before GC invocations=20 (full 0):
 garbage-first heap   total 89088K, used 59705K [0x00000000c2000000, 0x0000000100000000)
  region size 1024K, 16 young (16384K), 5 survivors (5120K)
 Metaspace       used 67452K, committed 68032K, reserved 1114112K
  class space    used 9921K, committed 10240K, reserved 1048576K
}
Event: 37.550 GC heap after
{Heap after GC invocations=21 (full 0):
 garbage-first heap   total 89088K, used 53428K [0x00000000c2000000, 0x0000000100000000)
  region size 1024K, 3 young (3072K), 3 survivors (3072K)
 Metaspace       used 67452K, committed 68032K, reserved 1114112K
  class space    used 9921K, committed 10240K, reserved 1048576K
}
Event: 37.657 GC heap before
{Heap before GC invocations=21 (full 0):
 garbage-first heap   total 89088K, used 68788K [0x00000000c2000000, 0x0000000100000000)
  region size 1024K, 17 young (17408K), 3 survivors (3072K)
 Metaspace       used 67452K, committed 68032K, reserved 1114112K
  class space    used 9921K, committed 10240K, reserved 1048576K
}
Event: 37.670 GC heap after
{Heap after GC invocations=22 (full 0):
 garbage-first heap   total 89088K, used 59321K [0x00000000c2000000, 0x0000000100000000)
  region size 1024K, 3 young (3072K), 3 survivors (3072K)
 Metaspace       used 67452K, committed 68032K, reserved 1114112K
  class space    used 9921K, committed 10240K, reserved 1048576K
}
Event: 37.843 GC heap before
{Heap before GC invocations=22 (full 0):
 garbage-first heap   total 112640K, used 69561K [0x00000000c2000000, 0x0000000100000000)
  region size 1024K, 13 young (13312K), 3 survivors (3072K)
 Metaspace       used 67435K, committed 68032K, reserved 1114112K
  class space    used 9917K, committed 10240K, reserved 1048576K
}
Event: 37.859 GC heap after
{Heap after GC invocations=23 (full 0):
 garbage-first heap   total 301056K, used 63120K [0x00000000c2000000, 0x0000000100000000)
  region size 1024K, 2 young (2048K), 2 survivors (2048K)
 Metaspace       used 67435K, committed 68032K, reserved 1114112K
  class space    used 9917K, committed 10240K, reserved 1048576K
}
Event: 38.961 GC heap before
{Heap before GC invocations=24 (full 0):
 garbage-first heap   total 301056K, used 187024K [0x00000000c2000000, 0x0000000100000000)
  region size 1024K, 124 young (126976K), 2 survivors (2048K)
 Metaspace       used 69106K, committed 69696K, reserved 1114112K
  class space    used 10297K, committed 10624K, reserved 1048576K
}
Event: 39.020 GC heap after
{Heap after GC invocations=25 (full 0):
 garbage-first heap   total 301056K, used 72117K [0x00000000c2000000, 0x0000000100000000)
  region size 1024K, 11 young (11264K), 11 survivors (11264K)
 Metaspace       used 69106K, committed 69696K, reserved 1114112K
  class space    used 10297K, committed 10624K, reserved 1048576K
}
Event: 39.706 GC heap before
{Heap before GC invocations=25 (full 0):
 garbage-first heap   total 301056K, used 203189K [0x00000000c2000000, 0x0000000100000000)
  region size 1024K, 136 young (139264K), 11 survivors (11264K)
 Metaspace       used 69106K, committed 69696K, reserved 1114112K
  class space    used 10297K, committed 10624K, reserved 1048576K
}
Event: 40.575 GC heap after
{Heap after GC invocations=26 (full 0):
 garbage-first heap   total 301056K, used 121161K [0x00000000c2000000, 0x0000000100000000)
  region size 1024K, 17 young (17408K), 17 survivors (17408K)
 Metaspace       used 69106K, committed 69696K, reserved 1114112K
  class space    used 10297K, committed 10624K, reserved 1048576K
}
Event: 40.884 GC heap before
{Heap before GC invocations=26 (full 0):
 garbage-first heap   total 301056K, used 137545K [0x00000000c2000000, 0x0000000100000000)
  region size 1024K, 33 young (33792K), 17 survivors (17408K)
 Metaspace       used 69106K, committed 69696K, reserved 1114112K
  class space    used 10297K, committed 10624K, reserved 1048576K
}
Event: 40.953 GC heap after
{Heap after GC invocations=27 (full 0):
 garbage-first heap   total 301056K, used 126905K [0x00000000c2000000, 0x0000000100000000)
  region size 1024K, 5 young (5120K), 5 survivors (5120K)
 Metaspace       used 69106K, committed 69696K, reserved 1114112K
  class space    used 10297K, committed 10624K, reserved 1048576K
}
Event: 41.061 GC heap before
{Heap before GC invocations=27 (full 0):
 garbage-first heap   total 301056K, used 142265K [0x00000000c2000000, 0x0000000100000000)
  region size 1024K, 20 young (20480K), 5 survivors (5120K)
 Metaspace       used 69106K, committed 69696K, reserved 1114112K
  class space    used 10297K, committed 10624K, reserved 1048576K
}
Event: 41.092 GC heap after
{Heap after GC invocations=28 (full 0):
 garbage-first heap   total 301056K, used 134073K [0x00000000c2000000, 0x0000000100000000)
  region size 1024K, 3 young (3072K), 3 survivors (3072K)
 Metaspace       used 69106K, committed 69696K, reserved 1114112K
  class space    used 10297K, committed 10624K, reserved 1048576K
}
Event: 41.448 GC heap before
{Heap before GC invocations=28 (full 0):
 garbage-first heap   total 301056K, used 171961K [0x00000000c2000000, 0x0000000100000000)
  region size 1024K, 37 young (37888K), 3 survivors (3072K)
 Metaspace       used 69106K, committed 69696K, reserved 1114112K
  class space    used 10297K, committed 10624K, reserved 1048576K
}

