# JRE version: Java(TM) SE Runtime Environment (17.0.18+8) (build 17.0.18+8-LTS-264)
# Java VM: Java HotSpot(TM) 64-Bit Server VM (17.0.18+8-LTS-264, mixed mode, emulated-client, sharing, tiered, compressed oops, compressed class ptrs, g1 gc, windows-amd64)
GC Precious Log:
 CPUs: 4 total, 4 available
 Memory: 3962M
 Large Page Support: Disabled
 NUMA Support: Disabled
 Compressed Oops: Enabled (32-bit)
 Heap Region Size: 1M
 Heap Min Capacity: 8M
 Heap Initial Capacity: 62M
 Heap Max Capacity: 992M
 Pre-touch: Disabled
 Parallel Workers: 4
 Concurrent Workers: 1
 Concurrent Refinement Workers: 4
 Periodic GC: Disabled
Heap:
 garbage-first heap   total 63488K, used 45221K [0x00000000c2000000, 0x0000000100000000)
  region size 1024K, 11 young (11264K), 3 survivors (3072K)
 Metaspace       used 67308K, committed 67968K, reserved 1114112K
  class space    used 9916K, committed 10240K, reserved 1048576K
GC Heap History (20 events):
Event: 26.657 GC heap before
{Heap before GC invocations=13 (full 0):
 garbage-first heap   total 63488K, used 27289K [0x00000000c2000000, 0x0000000100000000)
  region size 1024K, 4 young (4096K), 3 survivors (3072K)
 Metaspace       used 45121K, committed 45632K, reserved 1114112K
  class space    used 6405K, committed 6656K, reserved 1048576K
}
Event: 26.672 GC heap after
{Heap after GC invocations=14 (full 0):
 garbage-first heap   total 63488K, used 26150K [0x00000000c2000000, 0x0000000100000000)
  region size 1024K, 1 young (1024K), 1 survivors (1024K)
 Metaspace       used 45121K, committed 45632K, reserved 1114112K
  class space    used 6405K, committed 6656K, reserved 1048576K
}
Event: 28.405 GC heap before
{Heap before GC invocations=14 (full 0):
 garbage-first heap   total 63488K, used 47654K [0x00000000c2000000, 0x0000000100000000)
  region size 1024K, 23 young (23552K), 1 survivors (1024K)
 Metaspace       used 49131K, committed 49600K, reserved 1114112K
  class space    used 6972K, committed 7168K, reserved 1048576K
}
Event: 28.414 GC heap after
{Heap after GC invocations=15 (full 0):
 garbage-first heap   total 63488K, used 27350K [0x00000000c2000000, 0x0000000100000000)
  region size 1024K, 2 young (2048K), 2 survivors (2048K)
 Metaspace       used 49131K, committed 49600K, reserved 1114112K
  class space    used 6972K, committed 7168K, reserved 1048576K
}
Event: 30.389 GC heap before
{Heap before GC invocations=15 (full 0):
 garbage-first heap   total 63488K, used 48854K [0x00000000c2000000, 0x0000000100000000)
  region size 1024K, 24 young (24576K), 2 survivors (2048K)
 Metaspace       used 54785K, committed 55232K, reserved 1114112K
  class space    used 7790K, committed 8000K, reserved 1048576K
}
Event: 30.399 GC heap after
{Heap after GC invocations=16 (full 0):
 garbage-first heap   total 63488K, used 28263K [0x00000000c2000000, 0x0000000100000000)
  region size 1024K, 1 young (1024K), 1 survivors (1024K)
 Metaspace       used 54785K, committed 55232K, reserved 1114112K
  class space    used 7790K, committed 8000K, reserved 1048576K
}
Event: 31.592 GC heap before
{Heap before GC invocations=16 (full 0):
 garbage-first heap   total 63488K, used 50791K [0x00000000c2000000, 0x0000000100000000)
  region size 1024K, 23 young (23552K), 1 survivors (1024K)
 Metaspace       used 57229K, committed 57664K, reserved 1114112K
  class space    used 8247K, committed 8448K, reserved 1048576K
}
Event: 31.601 GC heap after
{Heap after GC invocations=17 (full 0):
 garbage-first heap   total 63488K, used 28802K [0x00000000c2000000, 0x0000000100000000)
  region size 1024K, 2 young (2048K), 2 survivors (2048K)
 Metaspace       used 57229K, committed 57664K, reserved 1114112K
  class space    used 8247K, committed 8448K, reserved 1048576K
}
Event: 33.063 GC heap before
{Heap before GC invocations=17 (full 0):
 garbage-first heap   total 63488K, used 42114K [0x00000000c2000000, 0x0000000100000000)
  region size 1024K, 16 young (16384K), 2 survivors (2048K)
 Metaspace       used 60095K, committed 60608K, reserved 1114112K
  class space    used 8673K, committed 8896K, reserved 1048576K
}
Event: 33.073 GC heap after
{Heap after GC invocations=18 (full 0):
 garbage-first heap   total 63488K, used 29460K [0x00000000c2000000, 0x0000000100000000)
  region size 1024K, 3 young (3072K), 3 survivors (3072K)
 Metaspace       used 60095K, committed 60608K, reserved 1114112K
  class space    used 8673K, committed 8896K, reserved 1048576K
}
Event: 35.958 GC heap before
{Heap before GC invocations=19 (full 0):
 garbage-first heap   total 63488K, used 50964K [0x00000000c2000000, 0x0000000100000000)
  region size 1024K, 24 young (24576K), 3 survivors (3072K)
 Metaspace       used 63398K, committed 63936K, reserved 1114112K
  class space    used 9170K, committed 9408K, reserved 1048576K
}
Event: 35.974 GC heap after
{Heap after GC invocations=20 (full 0):
 garbage-first heap   total 63488K, used 30873K [0x00000000c2000000, 0x0000000100000000)
  region size 1024K, 3 young (3072K), 3 survivors (3072K)
 Metaspace       used 63398K, committed 63936K, reserved 1114112K
  class space    used 9170K, committed 9408K, reserved 1048576K
}
Event: 36.090 GC heap before
{Heap before GC invocations=20 (full 0):
 garbage-first heap   total 63488K, used 30873K [0x00000000c2000000, 0x0000000100000000)
  region size 1024K, 4 young (4096K), 3 survivors (3072K)
 Metaspace       used 63569K, committed 64128K, reserved 1114112K
  class space    used 9201K, committed 9472K, reserved 1048576K
}
Event: 36.104 GC heap after
{Heap after GC invocations=21 (full 0):
 garbage-first heap   total 63488K, used 30881K [0x00000000c2000000, 0x0000000100000000)
  region size 1024K, 1 young (1024K), 1 survivors (1024K)
 Metaspace       used 63569K, committed 64128K, reserved 1114112K
  class space    used 9201K, committed 9472K, reserved 1048576K
}
Event: 37.461 GC heap before
{Heap before GC invocations=21 (full 0):
 garbage-first heap   total 63488K, used 51361K [0x00000000c2000000, 0x0000000100000000)
  region size 1024K, 21 young (21504K), 1 survivors (1024K)
 Metaspace       used 65376K, committed 65920K, reserved 1114112K
  class space    used 9487K, committed 9728K, reserved 1048576K
}
Event: 37.466 GC heap after
{Heap after GC invocations=22 (full 0):
 garbage-first heap   total 63488K, used 32085K [0x00000000c2000000, 0x0000000100000000)
  region size 1024K, 2 young (2048K), 2 survivors (2048K)
 Metaspace       used 65376K, committed 65920K, reserved 1114112K
  class space    used 9487K, committed 9728K, reserved 1048576K
}
Event: 38.942 GC heap before
{Heap before GC invocations=23 (full 0):
 garbage-first heap   total 63488K, used 50517K [0x00000000c2000000, 0x0000000100000000)
  region size 1024K, 21 young (21504K), 2 survivors (2048K)
 Metaspace       used 67326K, committed 67904K, reserved 1114112K
  class space    used 9921K, committed 10240K, reserved 1048576K
}
Event: 38.977 GC heap after
{Heap after GC invocations=24 (full 0):
 garbage-first heap   total 63488K, used 33289K [0x00000000c2000000, 0x0000000100000000)
  region size 1024K, 3 young (3072K), 3 survivors (3072K)
 Metaspace       used 67326K, committed 67904K, reserved 1114112K
  class space    used 9921K, committed 10240K, reserved 1048576K
}
Event: 39.241 GC heap before
{Heap before GC invocations=24 (full 0):
 garbage-first heap   total 63488K, used 51721K [0x00000000c2000000, 0x0000000100000000)
  region size 1024K, 21 young (21504K), 3 survivors (3072K)
 Metaspace       used 67340K, committed 67968K, reserved 1114112K
  class space    used 9922K, committed 10240K, reserved 1048576K
}
Event: 39.253 GC heap after
{Heap after GC invocations=25 (full 0):
 garbage-first heap   total 63488K, used 38053K [0x00000000c2000000, 0x0000000100000000)
  region size 1024K, 3 young (3072K), 3 survivors (3072K)
 Metaspace       used 67340K, committed 67968K, reserved 1114112K
  class space    used 9922K, committed 10240K, reserved 1048576K
}

