# JRE version: Java(TM) SE Runtime Environment (17.0.18+8) (build 17.0.18+8-LTS-264)
# Java VM: Java HotSpot(TM) 64-Bit Server VM (17.0.18+8-LTS-264, mixed mode, sharing, tiered, compressed oops, compressed class ptrs, g1 gc, windows-amd64)
GC Precious Log:
 CPUs: 4 total, 4 available
 Memory: 3962M
 Large Page Support: Disabled
 NUMA Support: Disabled
 Compressed Oops: Enabled (32-bit)
 Heap Region Size: 1M
 Heap Min Capacity: 8M
 Heap Initial Capacity: 62M
 Heap Max Capacity: 992M
 Pre-touch: Disabled
 Parallel Workers: 4
 Concurrent Workers: 1
 Concurrent Refinement Workers: 4
 Periodic GC: Disabled
Heap:
 garbage-first heap   total 63488K, used 47811K [0x00000000c2000000, 0x0000000100000000)
  region size 1024K, 31 young (31744K), 4 survivors (4096K)
 Metaspace       used 20252K, committed 20544K, reserved 1114112K
  class space    used 2329K, committed 2496K, reserved 1048576K
GC Heap History (16 events):
Event: 3.270 GC heap before
{Heap before GC invocations=0 (full 0):
 garbage-first heap   total 63488K, used 13312K [0x00000000c2000000, 0x0000000100000000)
  region size 1024K, 13 young (13312K), 0 survivors (0K)
 Metaspace       used 2753K, committed 2880K, reserved 1114112K
  class space    used 282K, committed 320K, reserved 1048576K
}
Event: 3.277 GC heap after
{Heap after GC invocations=1 (full 0):
 garbage-first heap   total 63488K, used 3068K [0x00000000c2000000, 0x0000000100000000)
  region size 1024K, 2 young (2048K), 2 survivors (2048K)
 Metaspace       used 2753K, committed 2880K, reserved 1114112K
  class space    used 282K, committed 320K, reserved 1048576K
}
Event: 5.057 GC heap before
{Heap before GC invocations=1 (full 0):
 garbage-first heap   total 63488K, used 15356K [0x00000000c2000000, 0x0000000100000000)
  region size 1024K, 14 young (14336K), 2 survivors (2048K)
 Metaspace       used 5328K, committed 5440K, reserved 1114112K
  class space    used 634K, committed 704K, reserved 1048576K
}
Event: 5.065 GC heap after
{Heap after GC invocations=2 (full 0):
 garbage-first heap   total 63488K, used 3687K [0x00000000c2000000, 0x0000000100000000)
  region size 1024K, 1 young (1024K), 1 survivors (1024K)
 Metaspace       used 5328K, committed 5440K, reserved 1114112K
  class space    used 634K, committed 704K, reserved 1048576K
}
Event: 6.908 GC heap before
{Heap before GC invocations=2 (full 0):
 garbage-first heap   total 63488K, used 28263K [0x00000000c2000000, 0x0000000100000000)
  region size 1024K, 25 young (25600K), 1 survivors (1024K)
 Metaspace       used 6943K, committed 7104K, reserved 1114112K
  class space    used 831K, committed 896K, reserved 1048576K
}
Event: 6.913 GC heap after
{Heap after GC invocations=3 (full 0):
 garbage-first heap   total 63488K, used 4252K [0x00000000c2000000, 0x0000000100000000)
  region size 1024K, 2 young (2048K), 2 survivors (2048K)
 Metaspace       used 6943K, committed 7104K, reserved 1114112K
  class space    used 831K, committed 896K, reserved 1048576K
}
Event: 9.766 GC heap before
{Heap before GC invocations=3 (full 0):
 garbage-first heap   total 63488K, used 40092K [0x00000000c2000000, 0x0000000100000000)
  region size 1024K, 37 young (37888K), 2 survivors (2048K)
 Metaspace       used 11630K, committed 11840K, reserved 1114112K
  class space    used 1442K, committed 1536K, reserved 1048576K
}
Event: 9.779 GC heap after
{Heap after GC invocations=4 (full 0):
 garbage-first heap   total 63488K, used 6293K [0x00000000c2000000, 0x0000000100000000)
  region size 1024K, 4 young (4096K), 4 survivors (4096K)
 Metaspace       used 11630K, committed 11840K, reserved 1114112K
  class space    used 1442K, committed 1536K, reserved 1048576K
}
Event: 14.524 GC heap before
{Heap before GC invocations=4 (full 0):
 garbage-first heap   total 63488K, used 40085K [0x00000000c2000000, 0x0000000100000000)
  region size 1024K, 37 young (37888K), 4 survivors (4096K)
 Metaspace       used 14677K, committed 14912K, reserved 1114112K
  class space    used 1773K, committed 1856K, reserved 1048576K
}
Event: 14.548 GC heap after
{Heap after GC invocations=5 (full 0):
 garbage-first heap   total 63488K, used 10147K [0x00000000c2000000, 0x0000000100000000)
  region size 1024K, 5 young (5120K), 5 survivors (5120K)
 Metaspace       used 14677K, committed 14912K, reserved 1114112K
  class space    used 1773K, committed 1856K, reserved 1048576K
}
Event: 18.849 GC heap before
{Heap before GC invocations=5 (full 0):
 garbage-first heap   total 63488K, used 42915K [0x00000000c2000000, 0x0000000100000000)
  region size 1024K, 37 young (37888K), 5 survivors (5120K)
 Metaspace       used 15458K, committed 15616K, reserved 1114112K
  class space    used 1845K, committed 1920K, reserved 1048576K
}
Event: 18.876 GC heap after
{Heap after GC invocations=6 (full 0):
 garbage-first heap   total 63488K, used 13158K [0x00000000c2000000, 0x0000000100000000)
  region size 1024K, 3 young (3072K), 3 survivors (3072K)
 Metaspace       used 15458K, committed 15616K, reserved 1114112K
  class space    used 1845K, committed 1920K, reserved 1048576K
}
Event: 22.154 GC heap before
{Heap before GC invocations=6 (full 0):
 garbage-first heap   total 63488K, used 45926K [0x00000000c2000000, 0x0000000100000000)
  region size 1024K, 35 young (35840K), 3 survivors (3072K)
 Metaspace       used 15792K, committed 16000K, reserved 1114112K
  class space    used 1847K, committed 1920K, reserved 1048576K
}
Event: 22.171 GC heap after
{Heap after GC invocations=7 (full 0):
 garbage-first heap   total 63488K, used 15160K [0x00000000c2000000, 0x0000000100000000)
  region size 1024K, 2 young (2048K), 2 survivors (2048K)
 Metaspace       used 15792K, committed 16000K, reserved 1114112K
  class space    used 1847K, committed 1920K, reserved 1048576K
}
Event: 29.103 GC heap before
{Heap before GC invocations=7 (full 0):
 garbage-first heap   total 63488K, used 47928K [0x00000000c2000000, 0x0000000100000000)
  region size 1024K, 34 young (34816K), 2 survivors (2048K)
 Metaspace       used 17268K, committed 17536K, reserved 1114112K
  class space    used 1999K, committed 2176K, reserved 1048576K
}
Event: 29.116 GC heap after
{Heap after GC invocations=8 (full 0):
 garbage-first heap   total 63488K, used 17091K [0x00000000c2000000, 0x0000000100000000)
  region size 1024K, 4 young (4096K), 4 survivors (4096K)
 Metaspace       used 17268K, committed 17536K, reserved 1114112K
  class space    used 1999K, committed 2176K, reserved 1048576K
}

