# JRE version: Java(TM) SE Runtime Environment (17.0.18+8) (build 17.0.18+8-LTS-264)
# Java VM: Java HotSpot(TM) 64-Bit Server VM (17.0.18+8-LTS-264, mixed mode, emulated-client, sharing, tiered, compressed oops, compressed class ptrs, g1 gc, windows-amd64)
GC Precious Log:
 CPUs: 4 total, 4 available
 Memory: 3962M
 Large Page Support: Disabled
 NUMA Support: Disabled
 Compressed Oops: Enabled (32-bit)
 Heap Region Size: 1M
 Heap Min Capacity: 8M
 Heap Initial Capacity: 62M
 Heap Max Capacity: 992M
 Pre-touch: Disabled
 Parallel Workers: 4
 Concurrent Workers: 1
 Concurrent Refinement Workers: 4
 Periodic GC: Disabled
Heap:
 garbage-first heap   total 81920K, used 52685K [0x00000000c2000000, 0x0000000100000000)
  region size 1024K, 1 young (1024K), 1 survivors (1024K)
 Metaspace       used 67334K, committed 67904K, reserved 1114112K
  class space    used 9918K, committed 10176K, reserved 1048576K
GC Heap History (20 events):
Event: 29.476 GC heap after
{Heap after GC invocations=16 (full 0):
 garbage-first heap   total 63488K, used 29210K [0x00000000c2000000, 0x0000000100000000)
  region size 1024K, 3 young (3072K), 3 survivors (3072K)
 Metaspace       used 53229K, committed 53696K, reserved 1114112K
  class space    used 7622K, committed 7872K, reserved 1048576K
}
Event: 31.366 GC heap before
{Heap before GC invocations=16 (full 0):
 garbage-first heap   total 63488K, used 49690K [0x00000000c2000000, 0x0000000100000000)
  region size 1024K, 24 young (24576K), 3 survivors (3072K)
 Metaspace       used 57175K, committed 57664K, reserved 1114112K
  class space    used 8231K, committed 8448K, reserved 1048576K
}
Event: 31.377 GC heap after
{Heap after GC invocations=17 (full 0):
 garbage-first heap   total 63488K, used 30014K [0x00000000c2000000, 0x0000000100000000)
  region size 1024K, 2 young (2048K), 2 survivors (2048K)
 Metaspace       used 57175K, committed 57664K, reserved 1114112K
  class space    used 8231K, committed 8448K, reserved 1048576K
}
Event: 33.080 GC heap before
{Heap before GC invocations=17 (full 0):
 garbage-first heap   total 63488K, used 47422K [0x00000000c2000000, 0x0000000100000000)
  region size 1024K, 20 young (20480K), 2 survivors (2048K)
 Metaspace       used 59748K, committed 60288K, reserved 1114112K
  class space    used 8608K, committed 8832K, reserved 1048576K
}
Event: 33.089 GC heap after
{Heap after GC invocations=18 (full 0):
 garbage-first heap   total 63488K, used 30521K [0x00000000c2000000, 0x0000000100000000)
  region size 1024K, 2 young (2048K), 2 survivors (2048K)
 Metaspace       used 59748K, committed 60288K, reserved 1114112K
  class space    used 8608K, committed 8832K, reserved 1048576K
}
Event: 36.420 GC heap before
{Heap before GC invocations=19 (full 0):
 garbage-first heap   total 63488K, used 51001K [0x00000000c2000000, 0x0000000100000000)
  region size 1024K, 22 young (22528K), 2 survivors (2048K)
 Metaspace       used 62942K, committed 63552K, reserved 1114112K
  class space    used 9081K, committed 9344K, reserved 1048576K
}
Event: 36.431 GC heap after
{Heap after GC invocations=20 (full 0):
 garbage-first heap   total 63488K, used 31854K [0x00000000c2000000, 0x0000000100000000)
  region size 1024K, 3 young (3072K), 3 survivors (3072K)
 Metaspace       used 62942K, committed 63552K, reserved 1114112K
  class space    used 9081K, committed 9344K, reserved 1048576K
}
Event: 38.104 GC heap before
{Heap before GC invocations=20 (full 0):
 garbage-first heap   total 63488K, used 51310K [0x00000000c2000000, 0x0000000100000000)
  region size 1024K, 22 young (22528K), 3 survivors (3072K)
 Metaspace       used 65089K, committed 65664K, reserved 1114112K
  class space    used 9425K, committed 9664K, reserved 1048576K
}
Event: 38.173 GC heap after
{Heap after GC invocations=21 (full 0):
 garbage-first heap   total 63488K, used 33403K [0x00000000c2000000, 0x0000000100000000)
  region size 1024K, 3 young (3072K), 3 survivors (3072K)
 Metaspace       used 65089K, committed 65664K, reserved 1114112K
  class space    used 9425K, committed 9664K, reserved 1048576K
}
Event: 39.577 GC heap before
{Heap before GC invocations=22 (full 0):
 garbage-first heap   total 63488K, used 51835K [0x00000000c2000000, 0x0000000100000000)
  region size 1024K, 21 young (21504K), 3 survivors (3072K)
 Metaspace       used 67299K, committed 67840K, reserved 1114112K
  class space    used 9912K, committed 10176K, reserved 1048576K
}
Event: 39.597 GC heap after
{Heap after GC invocations=23 (full 0):
 garbage-first heap   total 76800K, used 34809K [0x00000000c2000000, 0x0000000100000000)
  region size 1024K, 3 young (3072K), 3 survivors (3072K)
 Metaspace       used 67299K, committed 67840K, reserved 1114112K
  class space    used 9912K, committed 10176K, reserved 1048576K
}
Event: 39.602 GC heap before
{Heap before GC invocations=23 (full 0):
 garbage-first heap   total 76800K, used 35833K [0x00000000c2000000, 0x0000000100000000)
  region size 1024K, 4 young (4096K), 3 survivors (3072K)
 Metaspace       used 67299K, committed 67840K, reserved 1114112K
  class space    used 9912K, committed 10176K, reserved 1048576K
}
Event: 39.623 GC heap after
{Heap after GC invocations=24 (full 0):
 garbage-first heap   total 76800K, used 34828K [0x00000000c2000000, 0x0000000100000000)
  region size 1024K, 1 young (1024K), 1 survivors (1024K)
 Metaspace       used 67299K, committed 67840K, reserved 1114112K
  class space    used 9912K, committed 10176K, reserved 1048576K
}
Event: 39.787 GC heap before
{Heap before GC invocations=24 (full 0):
 garbage-first heap   total 76800K, used 61452K [0x00000000c2000000, 0x0000000100000000)
  region size 1024K, 27 young (27648K), 1 survivors (1024K)
 Metaspace       used 67334K, committed 67904K, reserved 1114112K
  class space    used 9918K, committed 10176K, reserved 1048576K
}
Event: 39.796 GC heap after
{Heap after GC invocations=25 (full 0):
 garbage-first heap   total 76800K, used 40960K [0x00000000c2000000, 0x0000000100000000)
  region size 1024K, 4 young (4096K), 4 survivors (4096K)
 Metaspace       used 67334K, committed 67904K, reserved 1114112K
  class space    used 9918K, committed 10176K, reserved 1048576K
}
Event: 39.899 GC heap before
{Heap before GC invocations=25 (full 0):
 garbage-first heap   total 76800K, used 59392K [0x00000000c2000000, 0x0000000100000000)
  region size 1024K, 22 young (22528K), 4 survivors (4096K)
 Metaspace       used 67334K, committed 67904K, reserved 1114112K
  class space    used 9918K, committed 10176K, reserved 1048576K
}
Event: 39.915 GC heap after
{Heap after GC invocations=26 (full 0):
 garbage-first heap   total 76800K, used 47596K [0x00000000c2000000, 0x0000000100000000)
  region size 1024K, 3 young (3072K), 3 survivors (3072K)
 Metaspace       used 67334K, committed 67904K, reserved 1114112K
  class space    used 9918K, committed 10176K, reserved 1048576K
}
Event: 39.973 GC heap before
{Heap before GC invocations=27 (full 0):
 garbage-first heap   total 81920K, used 58860K [0x00000000c2000000, 0x0000000100000000)
  region size 1024K, 14 young (14336K), 3 survivors (3072K)
 Metaspace       used 67334K, committed 67904K, reserved 1114112K
  class space    used 9918K, committed 10176K, reserved 1048576K
}
Event: 39.985 GC heap after
{Heap after GC invocations=28 (full 0):
 garbage-first heap   total 81920K, used 52224K [0x00000000c2000000, 0x0000000100000000)
  region size 1024K, 2 young (2048K), 2 survivors (2048K)
 Metaspace       used 67334K, committed 67904K, reserved 1114112K
  class space    used 9918K, committed 10176K, reserved 1048576K
}
Event: 40.002 GC heap before
{Heap before GC invocations=28 (full 0):
 garbage-first heap   total 81920K, used 54272K [0x00000000c2000000, 0x0000000100000000)
  region size 1024K, 4 young (4096K), 2 survivors (2048K)
 Metaspace       used 67334K, committed 67904K, reserved 1114112K
  class space    used 9918K, committed 10176K, reserved 1048576K
}

